
Fri Mar 11 20:39:23 HSP 2022: 
test.c: In function 'suma':
test.c:250:5: error: 'main' is normally a non-static function [-Werror=main]
 int main( int argc, char *argv[] ) {
     ^~~~
test.c:272:1: error: expected declaration or statement at end of input
 }
 ^
At top level:
test.c:250:5: error: 'main' defined but not used [-Werror=unused-function]
 int main( int argc, char *argv[] ) {
     ^~~~
test.c:8:8: error: '_strdup' defined but not used [-Werror=unused-function]
 char * _strdup(const char * str) {
        ^~~~~~~
In file included from test.c:5:0:
exercises.c:20:5: error: 'sumaN' defined but not used [-Werror=unused-function]
 int sumaN(int a[], int N) {
     ^~~~~
cc1.exe: all warnings being treated as errors
Compilation failed
c3d4507
Sun Mar 13 01:00:08 HSP 2022: 
test.c: In function 'suma':
test.c:250:5: error: 'main' is normally a non-static function [-Werror=main]
 int main( int argc, char *argv[] ) {
     ^~~~
test.c:272:1: error: expected declaration or statement at end of input
 }
 ^
At top level:
test.c:250:5: error: 'main' defined but not used [-Werror=unused-function]
 int main( int argc, char *argv[] ) {
     ^~~~
test.c:8:8: error: '_strdup' defined but not used [-Werror=unused-function]
 char * _strdup(const char * str) {
        ^~~~~~~
In file included from test.c:5:0:
exercises.c:20:5: error: 'sumaN' defined but not used [-Werror=unused-function]
 int sumaN(int a[], int N) {
     ^~~~~
cc1.exe: all warnings being treated as errors
Compilation failed
51bc02b
Sun Mar 13 01:01:54 HSP 2022: 
test.c: In function 'suma':
test.c:250:5: error: 'main' is normally a non-static function [-Werror=main]
 int main( int argc, char *argv[] ) {
     ^~~~
test.c:272:1: error: expected declaration or statement at end of input
 }
 ^
At top level:
test.c:250:5: error: 'main' defined but not used [-Werror=unused-function]
 int main( int argc, char *argv[] ) {
     ^~~~
test.c:8:8: error: '_strdup' defined but not used [-Werror=unused-function]
 char * _strdup(const char * str) {
        ^~~~~~~
In file included from test.c:5:0:
exercises.c:20:5: error: 'sumaN' defined but not used [-Werror=unused-function]
 int sumaN(int a[], int N) {
     ^~~~~
cc1.exe: all warnings being treated as errors
Compilation failed
a7cecac
Sun Mar 13 01:20:36 HSP 2022: 
test.c: In function 'suma':
test.c:250:5: error: 'main' is normally a non-static function [-Werror=main]
 int main( int argc, char *argv[] ) {
     ^~~~
test.c:272:1: error: expected declaration or statement at end of input
 }
 ^
At top level:
test.c:250:5: error: 'main' defined but not used [-Werror=unused-function]
 int main( int argc, char *argv[] ) {
     ^~~~
test.c:8:8: error: '_strdup' defined but not used [-Werror=unused-function]
 char * _strdup(const char * str) {
        ^~~~~~~
In file included from test.c:5:0:
exercises.c:20:5: error: 'sumaN' defined but not used [-Werror=unused-function]
 int sumaN(int a[], int N) {
     ^~~~~
cc1.exe: all warnings being treated as errors
Compilation failed
4d416e9
Sun Mar 13 01:23:30 HSP 2022: 
test.c: In function 'suma':
test.c:250:5: error: 'main' is normally a non-static function [-Werror=main]
 int main( int argc, char *argv[] ) {
     ^~~~
test.c:272:1: error: expected declaration or statement at end of input
 }
 ^
At top level:
test.c:250:5: error: 'main' defined but not used [-Werror=unused-function]
 int main( int argc, char *argv[] ) {
     ^~~~
test.c:8:8: error: '_strdup' defined but not used [-Werror=unused-function]
 char * _strdup(const char * str) {
        ^~~~~~~
In file included from test.c:5:0:
exercises.c:20:5: error: 'sumaN' defined but not used [-Werror=unused-function]
 int sumaN(int a[], int N) {
     ^~~~~
cc1.exe: all warnings being treated as errors
Compilation failed
49b12eb
Sun Mar 13 01:24:47 HSP 2022: 
 exercises.c | 2 ++
 1 file changed, 2 insertions(+)
 tests:  0|7
total_score: 0/70
815a329
Sun Mar 13 01:28:19 HSP 2022: 
 exercises.c | 2 +-
 1 file changed, 1 insertion(+), 1 deletion(-)
 tests:  0|7
total_score: 0/70
aa05c2e
Sun Mar 13 01:29:48 HSP 2022: 
 exercises.c | 2 +-
 1 file changed, 1 insertion(+), 1 deletion(-)
In file included from test.c:5:0:
exercises.c: In function 'suma':
exercises.c:15:6: error: assignment makes pointer from integer without a cast [-Werror=int-conversion]
    c = (a+b);
      ^
cc1.exe: all warnings being treated as errors
Compilation failed
844a530
Sun Mar 13 01:30:23 HSP 2022: 
 exercises.c | 2 +-
 1 file changed, 1 insertion(+), 1 deletion(-)
 tests:  1|6
total_score: 10/70
032dbf3
Sun Mar 13 02:20:01 HSP 2022: 
 exercises.c | 7 +++++++
 1 file changed, 7 insertions(+)
In file included from test.c:5:0:
exercises.c: In function 'sumaNultimos':
exercises.c:49:11: error: implicit declaration of function 'SumaN' [-Werror=implicit-function-declaration]
    *suma= SumaN(a[], m);
           ^~~~~
exercises.c:49:19: error: expected expression before ']' token
    *suma= SumaN(a[], m);
                   ^
cc1.exe: all warnings being treated as errors
Compilation failed
f52ee6b
Sun Mar 13 02:21:40 HSP 2022: 
 exercises.c | 4 ++--
 1 file changed, 2 insertions(+), 2 deletions(-)
In file included from test.c:5:0:
exercises.c: In function 'sumaNultimos':
exercises.c:49:11: error: implicit declaration of function 'SumaN' [-Werror=implicit-function-declaration]
    *suma= SumaN(a[UltNum], m);
           ^~~~~
cc1.exe: all warnings being treated as errors
Compilation failed
ee679fe
Sun Mar 13 02:22:02 HSP 2022: 
 exercises.c | 2 +-
 1 file changed, 1 insertion(+), 1 deletion(-)
In file included from test.c:5:0:
exercises.c: In function 'sumaNultimos':
exercises.c:49:17: error: passing argument 1 of 'sumaN' makes pointer from integer without a cast [-Werror=int-conversion]
    *suma= sumaN(a[UltNum], m);
                 ^
exercises.c:22:5: note: expected 'int *' but argument is of type 'int'
 int sumaN(int a[], int N) {
     ^~~~~
cc1.exe: all warnings being treated as errors
Compilation failed
cf9091b
Sun Mar 13 02:23:17 HSP 2022: 
 exercises.c | 2 +-
 1 file changed, 1 insertion(+), 1 deletion(-)
In file included from test.c:5:0:
exercises.c: In function 'sumaNultimos':
exercises.c:42:8: error: unused variable 'UltNum' [-Werror=unused-variable]
    int UltNum = n-m;
        ^~~~~~
cc1.exe: all warnings being treated as errors
Compilation failed
5e1da76
Sun Mar 13 02:23:33 HSP 2022: 
 exercises.c | 2 +-
 1 file changed, 1 insertion(+), 1 deletion(-)
 tests:  1|6
total_score: 10/70
2ef736a
Sun Mar 13 02:25:23 HSP 2022: 
 exercises.c | 1 +
 1 file changed, 1 insertion(+)
 tests:  1|6
total_score: 10/70
3773c7d
